Using pre-set license
Built from '2020.3/release' branch; Version is '2020.3.12f1 (b3b2c6512326) revision 11776710'; Using compiler version '192528614'; Build Type 'Release'
OS: 'Windows 10 Home; OS build 19042.1052; Version 2009; 64bit' Language: 'en' Physical Memory: 15789 MB
BatchMode: 1, IsHumanControllingUs: 0, StartBugReporterOnCrash: 0, Is64bit: 1, IsPro: 0

 COMMAND LINE ARGUMENTS:
C:\Program Files\Unity\Hub\Editor\2020.3.12f1\Editor\Unity.exe
-adb2
-batchMode
-noUpm
-name
AssetImportWorker0
-projectPath
C:/Users/oxter/Documents/Projects/Unity/QuestBow
-logFile
Logs/AssetImportWorker0.log
-srvPort
50355
Successfully changed project path to: C:/Users/oxter/Documents/Projects/Unity/QuestBow
C:/Users/oxter/Documents/Projects/Unity/QuestBow
Using Asset Import Pipeline V2.
Refreshing native plugins compatible for Editor in 485.92 ms, found 5 plugins.
Preloading 1 native plugins for Editor in 2.14 ms.
Initialize engine version: 2020.3.12f1 (b3b2c6512326)
[Subsystems] Discovering subsystems at path C:/Program Files/Unity/Hub/Editor/2020.3.12f1/Editor/Data/Resources/UnitySubsystems
[Subsystems] Discovering subsystems at path C:/Users/oxter/Documents/Projects/Unity/QuestBow/Assets
GfxDevice: creating device client; threaded=0
Direct3D:
    Version:  Direct3D 11.0 [level 11.1]
    Renderer: NVIDIA GeForce RTX 2060 with Max-Q Design (ID=0x1f12)
    Vendor:   
    VRAM:     5980 MB
    Driver:   30.0.14.7111
Shader 'Oculus/OVRMRCameraFrameLit': fallback shader 'Alpha-Diffuse' not found
Initialize mono
Mono path[0] = 'C:/Program Files/Unity/Hub/Editor/2020.3.12f1/Editor/Data/Managed'
Mono path[1] = 'C:/Program Files/Unity/Hub/Editor/2020.3.12f1/Editor/Data/MonoBleedingEdge/lib/mono/unityjit'
Mono config path = 'C:/Program Files/Unity/Hub/Editor/2020.3.12f1/Editor/Data/MonoBleedingEdge/etc'
Using monoOptions --debugger-agent=transport=dt_socket,embedding=1,server=y,suspend=n,address=127.0.0.1:56808
Begin MonoManager ReloadAssembly
Registering precompiled unity dll's ...
Register platform support module: C:/Program Files/Unity/Hub/Editor/2020.3.12f1/Editor/Data/PlaybackEngines/WindowsStandaloneSupport/UnityEditor.WindowsStandalone.Extensions.dll
Registered in 0.002369 seconds.
Native extension for WindowsStandalone target not found
Refreshing native plugins compatible for Editor in 384.67 ms, found 5 plugins.
Preloading 1 native plugins for Editor in 0.09 ms.
Mono: successfully reloaded assembly
- Completed reload, in  2.600 seconds
Platform modules already initialized, skipping
Registering precompiled user dll's ...
Registered in 0.012544 seconds.
Begin MonoManager ReloadAssembly
Native extension for WindowsStandalone target not found
Refreshing native plugins compatible for Editor in 4.08 ms, found 5 plugins.
Preloading 1 native plugins for Editor in 0.13 ms.
Mono: successfully reloaded assembly
- Completed reload, in  1.961 seconds
Platform modules already initialized, skipping
========================================================================
Worker process is ready to serve import requests
Shader 'Oculus/OVRMRCameraFrameLit': fallback shader 'Alpha-Diffuse' not found
Launched and connected shader compiler UnityShaderCompiler.exe after 0.07 seconds
Refreshing native plugins compatible for Editor in 4.06 ms, found 5 plugins.
Preloading 1 native plugins for Editor in 0.14 ms.
Unloading 4522 Unused Serialized files (Serialized files now loaded: 0)
System memory in use before: 253.3 MB.
System memory in use after: 253.5 MB.

Unloading 184 unused Assets to reduce memory usage. Loaded Objects now: 4931.
Total: 8.208200 ms (FindLiveObjects: 0.602600 ms CreateObjectMapping: 0.323300 ms MarkObjects: 7.056600 ms  DeleteObjects: 0.223700 ms)

AssetImportParameters requested are different than current active one (requested -> active):
  custom:framework-win-MediaFoundation: 216162199b28c13a410421893ffa2e32 -> 
  custom:video-decoder-ogg-theora: a1e56fd34408186e4bbccfd4996cb3dc -> 
  custom:container-muxer-webm: aa71ff27fc2769a1b78a27578f13a17b -> 
  custom:container-demuxer-webm: 4f35f7cbe854078d1ac9338744f61a02 -> 
  custom:container-demuxer-ogg: 62fdf1f143b41e24485cea50d1cbac27 -> 
  custom:video-encoder-webm-vp8: eb34c28f22e8b96e1ab97ce403110664 -> 
  custom:video-decoder-webm-vp8: 9c59270c3fd7afecdb556c50c9e8de78 -> 
  custom:audio-decoder-ogg-vorbis: bf7c407c2cedff20999df2af8eb42d56 -> 
  custom:audio-encoder-webm-vorbis: bf7c407c2cedff20999df2af8eb42d56 -> 
========================================================================
Received Import Request.
  path: Assets/Core/Textures/Logos/5.png
  artifactKey: Guid(34a9f30c582ecfb43a7598cdc1b8148b) Importer(815301076,1909f56bfc062723c751e8b465ee728b)
Start importing Assets/Core/Textures/Logos/5.png using Guid(34a9f30c582ecfb43a7598cdc1b8148b) Importer(815301076,1909f56bfc062723c751e8b465ee728b)  -> (artifact id: '5593242503a8a64f7a8841692ed90bca') in 0.089864 seconds 
  Import took 0.101615 seconds .

========================================================================
Received Import Request.
  Time since last request: 0.000398 seconds.
  path: Assets/Core/Textures/Logos/3.png
  artifactKey: Guid(5c1580ff65243fb43a757a662f27069d) Importer(815301076,1909f56bfc062723c751e8b465ee728b)
Start importing Assets/Core/Textures/Logos/3.png using Guid(5c1580ff65243fb43a757a662f27069d) Importer(815301076,1909f56bfc062723c751e8b465ee728b)  -> (artifact id: '7db16a7a4e9e72a2a891c3751d751c70') in 0.019682 seconds 
  Import took 0.030940 seconds .

========================================================================
Received Import Request.
  Time since last request: 0.000269 seconds.
  path: Assets/Core/Textures/Logos/4.png
  artifactKey: Guid(791ed1b08fc3fba41853badcb4917b14) Importer(815301076,1909f56bfc062723c751e8b465ee728b)
Start importing Assets/Core/Textures/Logos/4.png using Guid(791ed1b08fc3fba41853badcb4917b14) Importer(815301076,1909f56bfc062723c751e8b465ee728b)  -> (artifact id: '269b1257ca039e9bbf7e828b53f6e86f') in 0.017166 seconds 
  Import took 0.028632 seconds .

========================================================================
Received Import Request.
  Time since last request: 0.000231 seconds.
  path: Assets/Core/Textures/Logos/1.png
  artifactKey: Guid(38a808f1761e9a44bb5d373ab02f6783) Importer(815301076,1909f56bfc062723c751e8b465ee728b)
Start importing Assets/Core/Textures/Logos/1.png using Guid(38a808f1761e9a44bb5d373ab02f6783) Importer(815301076,1909f56bfc062723c751e8b465ee728b)  -> (artifact id: '00112f936028462ec1ddfdd9b382bf9c') in 0.018770 seconds 
  Import took 0.029826 seconds .

========================================================================
Received Import Request.
  Time since last request: 0.000279 seconds.
  path: Assets/Core/Textures/Logos/2.png
  artifactKey: Guid(8dfb23785e5fc5c43b599646861cd8a8) Importer(815301076,1909f56bfc062723c751e8b465ee728b)
Start importing Assets/Core/Textures/Logos/2.png using Guid(8dfb23785e5fc5c43b599646861cd8a8) Importer(815301076,1909f56bfc062723c751e8b465ee728b)  -> (artifact id: 'cd7d332ad17782324741d7fb762bbad9') in 0.016829 seconds 
  Import took 0.027496 seconds .

========================================================================
Received Import Request.
  Time since last request: 0.679836 seconds.
  path: Assets/Core/Textures/Logos/6.png
  artifactKey: Guid(547c141d71c5e7249a64561d6ca8ca16) Importer(815301076,1909f56bfc062723c751e8b465ee728b)
Start importing Assets/Core/Textures/Logos/6.png using Guid(547c141d71c5e7249a64561d6ca8ca16) Importer(815301076,1909f56bfc062723c751e8b465ee728b)  -> (artifact id: '6a2c5355354c732c3a70dcf8e6869c99') in 0.025482 seconds 
  Import took 0.042190 seconds .

========================================================================
Received Prepare
Registering precompiled user dll's ...
Registered in 0.011993 seconds.
Begin MonoManager ReloadAssembly
Native extension for WindowsStandalone target not found
Refreshing native plugins compatible for Editor in 4.45 ms, found 5 plugins.
Preloading 1 native plugins for Editor in 0.11 ms.
Mono: successfully reloaded assembly
- Completed reload, in  1.929 seconds
Platform modules already initialized, skipping
Switching build target platform(19) subTarget(0) extendedPlatform(0) -> platform(13) subTarget(589824) extendedPlatform(0)
Shader 'Oculus/OVRMRCameraFrameLit': fallback shader 'Alpha-Diffuse' not found
Refreshing native plugins compatible for Editor in 3.57 ms, found 5 plugins.
Preloading 1 native plugins for Editor in 0.07 ms.
Unloading 4306 Unused Serialized files (Serialized files now loaded: 0)
System memory in use before: 241.2 MB.
System memory in use after: 241.4 MB.

Unloading 175 unused Assets to reduce memory usage. Loaded Objects now: 4937.
Total: 5.716800 ms (FindLiveObjects: 0.446600 ms CreateObjectMapping: 0.128600 ms MarkObjects: 5.034300 ms  DeleteObjects: 0.105200 ms)

AssetImportParameters requested are different than current active one (requested -> active):
  custom:framework-win-MediaFoundation: 216162199b28c13a410421893ffa2e32 -> 
  custom:video-decoder-ogg-theora: a1e56fd34408186e4bbccfd4996cb3dc -> 
  custom:container-muxer-webm: aa71ff27fc2769a1b78a27578f13a17b -> 
  custom:container-demuxer-webm: 4f35f7cbe854078d1ac9338744f61a02 -> 
  custom:container-demuxer-ogg: 62fdf1f143b41e24485cea50d1cbac27 -> 
  custom:video-encoder-webm-vp8: eb34c28f22e8b96e1ab97ce403110664 -> 
  custom:video-decoder-webm-vp8: 9c59270c3fd7afecdb556c50c9e8de78 -> 
  custom:graphics/normal-map-encoding: 01000000000000000000000000000000 -> 02000000000000000000000000000000
  custom:audio-decoder-ogg-vorbis: bf7c407c2cedff20999df2af8eb42d56 -> 
  custom:audio-encoder-webm-vorbis: bf7c407c2cedff20999df2af8eb42d56 -> 
